<?xml version="1.0" encoding="UTF-8"?>
<testsuite name="com.java.userapi.controller.UserControllerTests" tests="3" skipped="0" failures="0" errors="0" timestamp="2021-09-14T15:19:10" hostname="LTILPUN21700148" time="0.225">
  <properties/>
  <testcase name="userRegistration()" classname="com.java.userapi.controller.UserControllerTests" time="0.218"/>
  <testcase name="getUserByName()" classname="com.java.userapi.controller.UserControllerTests" time="0.003"/>
  <testcase name="getUserById()" classname="com.java.userapi.controller.UserControllerTests" time="0.002"/>
  <system-out><![CDATA[20:49:06.505 [Test worker] DEBUG org.springframework.test.context.BootstrapUtils - Instantiating CacheAwareContextLoaderDelegate from class [org.springframework.test.context.cache.DefaultCacheAwareContextLoaderDelegate]
20:49:06.523 [Test worker] DEBUG org.springframework.test.context.BootstrapUtils - Instantiating BootstrapContext using constructor [public org.springframework.test.context.support.DefaultBootstrapContext(java.lang.Class,org.springframework.test.context.CacheAwareContextLoaderDelegate)]
20:49:06.561 [Test worker] DEBUG org.springframework.test.context.BootstrapUtils - Instantiating TestContextBootstrapper for test class [com.java.userapi.controller.UserControllerTests] from class [org.springframework.boot.test.context.SpringBootTestContextBootstrapper]
20:49:06.575 [Test worker] INFO org.springframework.boot.test.context.SpringBootTestContextBootstrapper - Neither @ContextConfiguration nor @ContextHierarchy found for test class [com.java.userapi.controller.UserControllerTests], using SpringBootContextLoader
20:49:06.580 [Test worker] DEBUG org.springframework.test.context.support.AbstractContextLoader - Did not detect default resource location for test class [com.java.userapi.controller.UserControllerTests]: class path resource [com/java/userapi/controller/UserControllerTests-context.xml] does not exist
20:49:06.580 [Test worker] DEBUG org.springframework.test.context.support.AbstractContextLoader - Did not detect default resource location for test class [com.java.userapi.controller.UserControllerTests]: class path resource [com/java/userapi/controller/UserControllerTestsContext.groovy] does not exist
20:49:06.581 [Test worker] INFO org.springframework.test.context.support.AbstractContextLoader - Could not detect default resource locations for test class [com.java.userapi.controller.UserControllerTests]: no resource found for suffixes {-context.xml, Context.groovy}.
20:49:06.582 [Test worker] INFO org.springframework.test.context.support.AnnotationConfigContextLoaderUtils - Could not detect default configuration classes for test class [com.java.userapi.controller.UserControllerTests]: UserControllerTests does not declare any static, non-private, non-final, nested classes annotated with @Configuration.
20:49:06.634 [Test worker] DEBUG org.springframework.test.context.support.ActiveProfilesUtils - Could not find an 'annotation declaring class' for annotation type [org.springframework.test.context.ActiveProfiles] and class [com.java.userapi.controller.UserControllerTests]
20:49:06.725 [Test worker] DEBUG org.springframework.context.annotation.ClassPathScanningCandidateComponentProvider - Identified candidate component class: file [C:\Users\10678993\Documents\userapi\userapi\build\classes\java\main\com\java\userapi\UserApiApplication.class]
20:49:06.728 [Test worker] INFO org.springframework.boot.test.context.SpringBootTestContextBootstrapper - Found @SpringBootConfiguration com.java.userapi.UserApiApplication for test class com.java.userapi.controller.UserControllerTests
20:49:06.865 [Test worker] DEBUG org.springframework.boot.test.context.SpringBootTestContextBootstrapper - @TestExecutionListeners is not present for class [com.java.userapi.controller.UserControllerTests]: using defaults.
20:49:06.866 [Test worker] INFO org.springframework.boot.test.context.SpringBootTestContextBootstrapper - Loaded default TestExecutionListener class names from location [META-INF/spring.factories]: [org.springframework.boot.test.autoconfigure.restdocs.RestDocsTestExecutionListener, org.springframework.boot.test.autoconfigure.web.client.MockRestServiceServerResetTestExecutionListener, org.springframework.boot.test.autoconfigure.web.servlet.MockMvcPrintOnlyOnFailureTestExecutionListener, org.springframework.boot.test.autoconfigure.web.servlet.WebDriverTestExecutionListener, org.springframework.boot.test.autoconfigure.webservices.client.MockWebServiceServerTestExecutionListener, org.springframework.boot.test.mock.mockito.MockitoTestExecutionListener, org.springframework.boot.test.mock.mockito.ResetMocksTestExecutionListener, org.springframework.test.context.web.ServletTestExecutionListener, org.springframework.test.context.support.DirtiesContextBeforeModesTestExecutionListener, org.springframework.test.context.event.ApplicationEventsTestExecutionListener, org.springframework.test.context.support.DependencyInjectionTestExecutionListener, org.springframework.test.context.support.DirtiesContextTestExecutionListener, org.springframework.test.context.transaction.TransactionalTestExecutionListener, org.springframework.test.context.jdbc.SqlScriptsTestExecutionListener, org.springframework.test.context.event.EventPublishingTestExecutionListener]
20:49:06.888 [Test worker] INFO org.springframework.boot.test.context.SpringBootTestContextBootstrapper - Using TestExecutionListeners: [org.springframework.test.context.web.ServletTestExecutionListener@15ff41b, org.springframework.test.context.support.DirtiesContextBeforeModesTestExecutionListener@dc190, org.springframework.test.context.event.ApplicationEventsTestExecutionListener@1853af5, org.springframework.boot.test.mock.mockito.MockitoTestExecutionListener@56e549, org.springframework.boot.test.autoconfigure.SpringBootDependencyInjectionTestExecutionListener@d53fb4, org.springframework.test.context.support.DirtiesContextTestExecutionListener@94793f, org.springframework.test.context.transaction.TransactionalTestExecutionListener@64b70a, org.springframework.test.context.jdbc.SqlScriptsTestExecutionListener@1e17ce2, org.springframework.test.context.event.EventPublishingTestExecutionListener@52cef5, org.springframework.boot.test.autoconfigure.restdocs.RestDocsTestExecutionListener@1de0401, org.springframework.boot.test.autoconfigure.web.client.MockRestServiceServerResetTestExecutionListener@f73397, org.springframework.boot.test.autoconfigure.web.servlet.MockMvcPrintOnlyOnFailureTestExecutionListener@d34bc7, org.springframework.boot.test.autoconfigure.web.servlet.WebDriverTestExecutionListener@d21ece, org.springframework.boot.test.autoconfigure.webservices.client.MockWebServiceServerTestExecutionListener@1bffed9, org.springframework.boot.test.mock.mockito.ResetMocksTestExecutionListener@fb1eb2]
20:49:06.892 [Test worker] DEBUG org.springframework.test.context.support.AbstractDirtiesContextTestExecutionListener - Before test class: context [DefaultTestContext@4507e4 testClass = UserControllerTests, testInstance = [null], testMethod = [null], testException = [null], mergedContextConfiguration = [WebMergedContextConfiguration@69abd5 testClass = UserControllerTests, locations = '{}', classes = '{class com.java.userapi.UserApiApplication}', contextInitializerClasses = '[]', activeProfiles = '{}', propertySourceLocations = '{}', propertySourceProperties = '{org.springframework.boot.test.context.SpringBootTestContextBootstrapper=true}', contextCustomizers = set[org.springframework.boot.test.autoconfigure.actuate.metrics.MetricsExportContextCustomizerFactory$DisableMetricExportContextCustomizer@12003c7, org.springframework.boot.test.autoconfigure.properties.PropertyMappingContextCustomizer@0, org.springframework.boot.test.autoconfigure.web.servlet.WebDriverContextCustomizerFactory$Customizer@174c942, org.springframework.boot.test.context.filter.ExcludeFilterContextCustomizer@f5c4b5, org.springframework.boot.test.json.DuplicateJsonObjectContextCustomizerFactory$DuplicateJsonObjectContextCustomizer@16e599e, org.springframework.boot.test.mock.mockito.MockitoContextCustomizer@0, org.springframework.boot.test.web.client.TestRestTemplateContextCustomizer@871763, org.springframework.boot.test.context.SpringBootTestArgs@1, org.springframework.boot.test.context.SpringBootTestWebEnvironment@12ae75c], resourceBasePath = 'src/main/webapp', contextLoader = 'org.springframework.boot.test.context.SpringBootContextLoader', parent = [null]], attributes = map['org.springframework.test.context.web.ServletTestExecutionListener.activateListener' -> true]], class annotated with @DirtiesContext [false] with mode [null].
20:49:06.927 [Test worker] DEBUG org.springframework.test.context.support.TestPropertySourceUtils - Adding inlined properties to environment: {spring.jmx.enabled=false, org.springframework.boot.test.context.SpringBootTestContextBootstrapper=true}

  .   ____          _            __ _ _
 /\\ / ___'_ __ _ _(_)_ __  __ _ \ \ \ \
( ( )\___ | '_ | '_| | '_ \/ _` | \ \ \ \
 \\/  ___)| |_)| | | | | || (_| |  ) ) ) )
  '  |____| .__|_| |_|_| |_\__, | / / / /
 =========|_|==============|___/=/_/_/_/
 :: Spring Boot ::                (v2.5.4)

2021-09-14 20:49:07.216  INFO 18916 --- [    Test worker] c.j.u.controller.UserControllerTests     : Starting UserControllerTests using Java 1.8.0_41 on LTILPUN21700148 with PID 18916 (started by 10678993 in C:\Users\10678993\Documents\userapi\userapi)
2021-09-14 20:49:07.220  INFO 18916 --- [    Test worker] c.j.u.controller.UserControllerTests     : No active profile set, falling back to default profiles: default
2021-09-14 20:49:07.813  INFO 18916 --- [    Test worker] .s.d.r.c.RepositoryConfigurationDelegate : Bootstrapping Spring Data MongoDB repositories in DEFAULT mode.
2021-09-14 20:49:07.876  INFO 18916 --- [    Test worker] .s.d.r.c.RepositoryConfigurationDelegate : Finished Spring Data repository scanning in 57 ms. Found 1 MongoDB repository interfaces.
2021-09-14 20:49:08.723  INFO 18916 --- [    Test worker] org.mongodb.driver.cluster               : Cluster created with settings {hosts=[localhost:27017], mode=SINGLE, requiredClusterType=UNKNOWN, serverSelectionTimeout='30000 ms'}
2021-09-14 20:49:08.801  INFO 18916 --- [localhost:27017] org.mongodb.driver.connection            : Opened connection [connectionId{localValue:1, serverValue:10}] to localhost:27017
2021-09-14 20:49:08.801  INFO 18916 --- [localhost:27017] org.mongodb.driver.connection            : Opened connection [connectionId{localValue:2, serverValue:9}] to localhost:27017
2021-09-14 20:49:08.802  INFO 18916 --- [localhost:27017] org.mongodb.driver.cluster               : Monitor thread successfully connected to server with description ServerDescription{address=localhost:27017, type=STANDALONE, state=CONNECTED, ok=true, minWireVersion=0, maxWireVersion=4, maxDocumentSize=16777216, logicalSessionTimeoutMinutes=null, roundTripTimeNanos=23355800}
2021-09-14 20:49:10.021  INFO 18916 --- [    Test worker] c.j.u.controller.UserControllerTests     : Started UserControllerTests in 3.089 seconds (JVM running for 4.35)
]]></system-out>
  <system-err><![CDATA[]]></system-err>
</testsuite>
