<?xml version="1.0" encoding="UTF-8"?>
<testsuite name="com.java.userapi.UserapiApplicationTests" tests="1" skipped="0" failures="0" errors="0" timestamp="2021-09-09T13:24:27" hostname="LTILPUN21700148" time="0.234">
  <properties/>
  <testcase name="contextLoads()" classname="com.java.userapi.UserapiApplicationTests" time="0.234"/>
  <system-out><![CDATA[18:54:23.921 [Test worker] DEBUG org.springframework.test.context.BootstrapUtils - Instantiating CacheAwareContextLoaderDelegate from class [org.springframework.test.context.cache.DefaultCacheAwareContextLoaderDelegate]
18:54:23.934 [Test worker] DEBUG org.springframework.test.context.BootstrapUtils - Instantiating BootstrapContext using constructor [public org.springframework.test.context.support.DefaultBootstrapContext(java.lang.Class,org.springframework.test.context.CacheAwareContextLoaderDelegate)]
18:54:23.965 [Test worker] DEBUG org.springframework.test.context.BootstrapUtils - Instantiating TestContextBootstrapper for test class [com.java.userapi.UserapiApplicationTests] from class [org.springframework.boot.test.context.SpringBootTestContextBootstrapper]
18:54:23.977 [Test worker] INFO org.springframework.boot.test.context.SpringBootTestContextBootstrapper - Neither @ContextConfiguration nor @ContextHierarchy found for test class [com.java.userapi.UserapiApplicationTests], using SpringBootContextLoader
18:54:23.980 [Test worker] DEBUG org.springframework.test.context.support.AbstractContextLoader - Did not detect default resource location for test class [com.java.userapi.UserapiApplicationTests]: class path resource [com/java/userapi/UserapiApplicationTests-context.xml] does not exist
18:54:23.981 [Test worker] DEBUG org.springframework.test.context.support.AbstractContextLoader - Did not detect default resource location for test class [com.java.userapi.UserapiApplicationTests]: class path resource [com/java/userapi/UserapiApplicationTestsContext.groovy] does not exist
18:54:23.981 [Test worker] INFO org.springframework.test.context.support.AbstractContextLoader - Could not detect default resource locations for test class [com.java.userapi.UserapiApplicationTests]: no resource found for suffixes {-context.xml, Context.groovy}.
18:54:23.982 [Test worker] INFO org.springframework.test.context.support.AnnotationConfigContextLoaderUtils - Could not detect default configuration classes for test class [com.java.userapi.UserapiApplicationTests]: UserapiApplicationTests does not declare any static, non-private, non-final, nested classes annotated with @Configuration.
18:54:24.025 [Test worker] DEBUG org.springframework.test.context.support.ActiveProfilesUtils - Could not find an 'annotation declaring class' for annotation type [org.springframework.test.context.ActiveProfiles] and class [com.java.userapi.UserapiApplicationTests]
18:54:24.094 [Test worker] DEBUG org.springframework.context.annotation.ClassPathScanningCandidateComponentProvider - Identified candidate component class: file [C:\Users\10678993\Documents\userapi\userapi\build\classes\java\main\com\java\userapi\UserApiApplication.class]
18:54:24.095 [Test worker] INFO org.springframework.boot.test.context.SpringBootTestContextBootstrapper - Found @SpringBootConfiguration com.java.userapi.UserApiApplication for test class com.java.userapi.UserapiApplicationTests
18:54:24.195 [Test worker] DEBUG org.springframework.boot.test.context.SpringBootTestContextBootstrapper - @TestExecutionListeners is not present for class [com.java.userapi.UserapiApplicationTests]: using defaults.
18:54:24.196 [Test worker] INFO org.springframework.boot.test.context.SpringBootTestContextBootstrapper - Loaded default TestExecutionListener class names from location [META-INF/spring.factories]: [org.springframework.boot.test.autoconfigure.restdocs.RestDocsTestExecutionListener, org.springframework.boot.test.autoconfigure.web.client.MockRestServiceServerResetTestExecutionListener, org.springframework.boot.test.autoconfigure.web.servlet.MockMvcPrintOnlyOnFailureTestExecutionListener, org.springframework.boot.test.autoconfigure.web.servlet.WebDriverTestExecutionListener, org.springframework.boot.test.autoconfigure.webservices.client.MockWebServiceServerTestExecutionListener, org.springframework.boot.test.mock.mockito.MockitoTestExecutionListener, org.springframework.boot.test.mock.mockito.ResetMocksTestExecutionListener, org.springframework.test.context.web.ServletTestExecutionListener, org.springframework.test.context.support.DirtiesContextBeforeModesTestExecutionListener, org.springframework.test.context.event.ApplicationEventsTestExecutionListener, org.springframework.test.context.support.DependencyInjectionTestExecutionListener, org.springframework.test.context.support.DirtiesContextTestExecutionListener, org.springframework.test.context.transaction.TransactionalTestExecutionListener, org.springframework.test.context.jdbc.SqlScriptsTestExecutionListener, org.springframework.test.context.event.EventPublishingTestExecutionListener]
18:54:24.216 [Test worker] INFO org.springframework.boot.test.context.SpringBootTestContextBootstrapper - Using TestExecutionListeners: [org.springframework.test.context.web.ServletTestExecutionListener@54504ecd, org.springframework.test.context.support.DirtiesContextBeforeModesTestExecutionListener@38b27cdc, org.springframework.test.context.event.ApplicationEventsTestExecutionListener@1339e7aa, org.springframework.boot.test.mock.mockito.MockitoTestExecutionListener@1fb669c3, org.springframework.boot.test.autoconfigure.SpringBootDependencyInjectionTestExecutionListener@49c66ade, org.springframework.test.context.support.DirtiesContextTestExecutionListener@6239aba6, org.springframework.test.context.transaction.TransactionalTestExecutionListener@3e6104fc, org.springframework.test.context.jdbc.SqlScriptsTestExecutionListener@12359a82, org.springframework.test.context.event.EventPublishingTestExecutionListener@68df9280, org.springframework.boot.test.autoconfigure.restdocs.RestDocsTestExecutionListener@479460a6, org.springframework.boot.test.autoconfigure.web.client.MockRestServiceServerResetTestExecutionListener@7164ca4c, org.springframework.boot.test.autoconfigure.web.servlet.MockMvcPrintOnlyOnFailureTestExecutionListener@4f3bbf68, org.springframework.boot.test.autoconfigure.web.servlet.WebDriverTestExecutionListener@5be46f9d, org.springframework.boot.test.autoconfigure.webservices.client.MockWebServiceServerTestExecutionListener@3f91b517, org.springframework.boot.test.mock.mockito.ResetMocksTestExecutionListener@68702e03]
18:54:24.220 [Test worker] DEBUG org.springframework.test.context.support.AbstractDirtiesContextTestExecutionListener - Before test class: context [DefaultTestContext@5c44c582 testClass = UserapiApplicationTests, testInstance = [null], testMethod = [null], testException = [null], mergedContextConfiguration = [WebMergedContextConfiguration@67d18ed7 testClass = UserapiApplicationTests, locations = '{}', classes = '{class com.java.userapi.UserApiApplication}', contextInitializerClasses = '[]', activeProfiles = '{}', propertySourceLocations = '{}', propertySourceProperties = '{org.springframework.boot.test.context.SpringBootTestContextBootstrapper=true}', contextCustomizers = set[org.springframework.boot.test.autoconfigure.actuate.metrics.MetricsExportContextCustomizerFactory$DisableMetricExportContextCustomizer@45099dd3, org.springframework.boot.test.autoconfigure.properties.PropertyMappingContextCustomizer@0, org.springframework.boot.test.autoconfigure.web.servlet.WebDriverContextCustomizerFactory$Customizer@26d9b808, org.springframework.boot.test.context.filter.ExcludeFilterContextCustomizer@54c5a2ff, org.springframework.boot.test.json.DuplicateJsonObjectContextCustomizerFactory$DuplicateJsonObjectContextCustomizer@11392934, org.springframework.boot.test.mock.mockito.MockitoContextCustomizer@0, org.springframework.boot.test.web.client.TestRestTemplateContextCustomizer@543295b0, org.springframework.boot.test.context.SpringBootTestArgs@1, org.springframework.boot.test.context.SpringBootTestWebEnvironment@1e730495], resourceBasePath = 'src/main/webapp', contextLoader = 'org.springframework.boot.test.context.SpringBootContextLoader', parent = [null]], attributes = map['org.springframework.test.context.web.ServletTestExecutionListener.activateListener' -> true]], class annotated with @DirtiesContext [false] with mode [null].
18:54:24.252 [Test worker] DEBUG org.springframework.test.context.support.TestPropertySourceUtils - Adding inlined properties to environment: {spring.jmx.enabled=false, org.springframework.boot.test.context.SpringBootTestContextBootstrapper=true}

  .   ____          _            __ _ _
 /\\ / ___'_ __ _ _(_)_ __  __ _ \ \ \ \
( ( )\___ | '_ | '_| | '_ \/ _` | \ \ \ \
 \\/  ___)| |_)| | | | | || (_| |  ) ) ) )
  '  |____| .__|_| |_|_| |_\__, | / / / /
 =========|_|==============|___/=/_/_/_/
 :: Spring Boot ::                (v2.5.4)

2021-09-09 18:54:24.530  INFO 10424 --- [    Test worker] c.java.userapi.UserapiApplicationTests   : Starting UserapiApplicationTests using Java 1.8.0_261 on LTILPUN21700148 with PID 10424 (started by 10678993 in C:\Users\10678993\Documents\userapi\userapi)
2021-09-09 18:54:24.533  INFO 10424 --- [    Test worker] c.java.userapi.UserapiApplicationTests   : No active profile set, falling back to default profiles: default
2021-09-09 18:54:25.213  INFO 10424 --- [    Test worker] .s.d.r.c.RepositoryConfigurationDelegate : Bootstrapping Spring Data MongoDB repositories in DEFAULT mode.
2021-09-09 18:54:25.279  INFO 10424 --- [    Test worker] .s.d.r.c.RepositoryConfigurationDelegate : Finished Spring Data repository scanning in 60 ms. Found 1 MongoDB repository interfaces.
2021-09-09 18:54:25.760  INFO 10424 --- [    Test worker] org.mongodb.driver.cluster               : Cluster created with settings {hosts=[localhost:27017], mode=SINGLE, requiredClusterType=UNKNOWN, serverSelectionTimeout='30000 ms'}
2021-09-09 18:54:25.827  INFO 10424 --- [localhost:27017] org.mongodb.driver.connection            : Opened connection [connectionId{localValue:1, serverValue:61}] to localhost:27017
2021-09-09 18:54:25.827  INFO 10424 --- [localhost:27017] org.mongodb.driver.connection            : Opened connection [connectionId{localValue:2, serverValue:60}] to localhost:27017
2021-09-09 18:54:25.827  INFO 10424 --- [localhost:27017] org.mongodb.driver.cluster               : Monitor thread successfully connected to server with description ServerDescription{address=localhost:27017, type=STANDALONE, state=CONNECTED, ok=true, minWireVersion=0, maxWireVersion=4, maxDocumentSize=16777216, logicalSessionTimeoutMinutes=null, roundTripTimeNanos=22447600}
2021-09-09 18:54:27.057  INFO 10424 --- [    Test worker] c.java.userapi.UserapiApplicationTests   : Started UserapiApplicationTests in 2.799 seconds (JVM running for 4.095)
]]></system-out>
  <system-err><![CDATA[]]></system-err>
</testsuite>
